<?xml version="1.0" encoding="utf-8"?><testsuites name="pytest tests"><testsuite name="pytest" errors="0" failures="4" skipped="0" tests="32" time="17.606" timestamp="2026-02-23T13:18:02.755915+00:00" hostname="agent-env-49c03248-6ba9-4e11-9f41-4e1e966dd34a"><testcase classname="tests.test_cliqup_api.TestHealthCheck" name="test_health_endpoint" time="0.254" /><testcase classname="tests.test_cliqup_api.TestAuthentication" name="test_signup_success_adult" time="0.400" /><testcase classname="tests.test_cliqup_api.TestAuthentication" name="test_signup_success_teen" time="0.352" /><testcase classname="tests.test_cliqup_api.TestAuthentication" name="test_signup_duplicate_email" time="0.531" /><testcase classname="tests.test_cliqup_api.TestAuthentication" name="test_signup_duplicate_handle" time="0.481" /><testcase classname="tests.test_cliqup_api.TestAuthentication" name="test_signup_invalid_password" time="0.106" /><testcase classname="tests.test_cliqup_api.TestAuthentication" name="test_login_success" time="0.667" /><testcase classname="tests.test_cliqup_api.TestAuthentication" name="test_login_invalid_credentials" time="0.717" /><testcase classname="tests.test_cliqup_api.TestAuthentication" name="test_get_me_authenticated" time="0.444" /><testcase classname="tests.test_cliqup_api.TestAuthentication" name="test_get_me_unauthenticated" time="0.103" /><testcase classname="tests.test_cliqup_api.TestProfiles" name="test_get_my_profile" time="0.452" /><testcase classname="tests.test_cliqup_api.TestProfiles" name="test_update_my_profile" time="0.623" /><testcase classname="tests.test_cliqup_api.TestProfiles" name="test_follow_user" time="0.813"><failure message="KeyError: 'following'">tests/test_cliqup_api.py:293: in test_follow_user
    assert data["following"] == True
           ^^^^^^^^^^^^^^^^^
E   KeyError: 'following'</failure></testcase><testcase classname="tests.test_cliqup_api.TestProfiles" name="test_unfollow_user" time="0.879"><failure message="KeyError: 'following'">tests/test_cliqup_api.py:322: in test_unfollow_user
    assert data["following"] == False
           ^^^^^^^^^^^^^^^^^
E   KeyError: 'following'</failure></testcase><testcase classname="tests.test_cliqup_api.TestMeetDating" name="test_meet_status_adult_not_verified" time="0.484" /><testcase classname="tests.test_cliqup_api.TestMeetDating" name="test_meet_status_teen_blocked" time="0.451" /><testcase classname="tests.test_cliqup_api.TestMeetDating" name="test_age_assure_adult" time="0.640" /><testcase classname="tests.test_cliqup_api.TestMeetDating" name="test_age_assure_teen_blocked" time="0.460" /><testcase classname="tests.test_cliqup_api.TestMeetDating" name="test_create_squad" time="0.587" /><testcase classname="tests.test_cliqup_api.TestMeetDating" name="test_get_my_squads" time="0.690" /><testcase classname="tests.test_cliqup_api.TestMeetDating" name="test_invite_to_squad" time="1.051" /><testcase classname="tests.test_cliqup_api.TestMeetDating" name="test_discover_squads" time="0.592" /><testcase classname="tests.test_cliqup_api.TestMeetDating" name="test_get_matches" time="0.555" /><testcase classname="tests.test_cliqup_api.TestSocial" name="test_create_post" time="0.446" /><testcase classname="tests.test_cliqup_api.TestSocial" name="test_get_feed" time="0.457" /><testcase classname="tests.test_cliqup_api.TestSocial" name="test_get_explore" time="0.469" /><testcase classname="tests.test_cliqup_api.TestSocial" name="test_react_to_post" time="0.553"><failure message="KeyError: 'reacted'">tests/test_cliqup_api.py:627: in test_react_to_post
    assert data["reacted"] == True
           ^^^^^^^^^^^^^^^
E   KeyError: 'reacted'</failure></testcase><testcase classname="tests.test_cliqup_api.TestMessaging" name="test_get_conversations" time="0.435" /><testcase classname="tests.test_cliqup_api.TestMessaging" name="test_create_dm" time="0.852" /><testcase classname="tests.test_cliqup_api.TestMessaging" name="test_send_message" time="0.973"><failure message="assert 422 == 200&#10; +  where 422 = &lt;Response [422]&gt;.status_code">tests/test_cliqup_api.py:719: in test_send_message
    assert response.status_code == 200
E   assert 422 == 200
E    +  where 422 = &lt;Response [422]&gt;.status_code</failure></testcase><testcase classname="tests.test_cliqup_api.TestNotifications" name="test_get_notifications" time="0.441" /><testcase classname="tests.test_cliqup_api.TestNotifications" name="test_get_unread_count" time="0.437" /></testsuite></testsuites>