<?xml version="1.0" encoding="utf-8"?><testsuites name="pytest tests"><testsuite name="pytest" errors="0" failures="0" skipped="0" tests="32" time="17.700" timestamp="2026-02-23T13:19:02.746887+00:00" hostname="agent-env-49c03248-6ba9-4e11-9f41-4e1e966dd34a"><testcase classname="tests.test_cliqup_api.TestHealthCheck" name="test_health_endpoint" time="0.209" /><testcase classname="tests.test_cliqup_api.TestAuthentication" name="test_signup_success_adult" time="0.402" /><testcase classname="tests.test_cliqup_api.TestAuthentication" name="test_signup_success_teen" time="0.347" /><testcase classname="tests.test_cliqup_api.TestAuthentication" name="test_signup_duplicate_email" time="0.448" /><testcase classname="tests.test_cliqup_api.TestAuthentication" name="test_signup_duplicate_handle" time="0.444" /><testcase classname="tests.test_cliqup_api.TestAuthentication" name="test_signup_invalid_password" time="0.114" /><testcase classname="tests.test_cliqup_api.TestAuthentication" name="test_login_success" time="0.818" /><testcase classname="tests.test_cliqup_api.TestAuthentication" name="test_login_invalid_credentials" time="0.825" /><testcase classname="tests.test_cliqup_api.TestAuthentication" name="test_get_me_authenticated" time="0.577" /><testcase classname="tests.test_cliqup_api.TestAuthentication" name="test_get_me_unauthenticated" time="0.114" /><testcase classname="tests.test_cliqup_api.TestProfiles" name="test_get_my_profile" time="0.467" /><testcase classname="tests.test_cliqup_api.TestProfiles" name="test_update_my_profile" time="0.605" /><testcase classname="tests.test_cliqup_api.TestProfiles" name="test_follow_user" time="0.788" /><testcase classname="tests.test_cliqup_api.TestProfiles" name="test_unfollow_user" time="0.910" /><testcase classname="tests.test_cliqup_api.TestMeetDating" name="test_meet_status_adult_not_verified" time="0.452" /><testcase classname="tests.test_cliqup_api.TestMeetDating" name="test_meet_status_teen_blocked" time="0.469" /><testcase classname="tests.test_cliqup_api.TestMeetDating" name="test_age_assure_adult" time="0.582" /><testcase classname="tests.test_cliqup_api.TestMeetDating" name="test_age_assure_teen_blocked" time="0.473" /><testcase classname="tests.test_cliqup_api.TestMeetDating" name="test_create_squad" time="0.569" /><testcase classname="tests.test_cliqup_api.TestMeetDating" name="test_get_my_squads" time="0.674" /><testcase classname="tests.test_cliqup_api.TestMeetDating" name="test_invite_to_squad" time="1.048" /><testcase classname="tests.test_cliqup_api.TestMeetDating" name="test_discover_squads" time="0.591" /><testcase classname="tests.test_cliqup_api.TestMeetDating" name="test_get_matches" time="0.602" /><testcase classname="tests.test_cliqup_api.TestSocial" name="test_create_post" time="0.451" /><testcase classname="tests.test_cliqup_api.TestSocial" name="test_get_feed" time="0.515" /><testcase classname="tests.test_cliqup_api.TestSocial" name="test_get_explore" time="0.443" /><testcase classname="tests.test_cliqup_api.TestSocial" name="test_react_to_post" time="0.597" /><testcase classname="tests.test_cliqup_api.TestMessaging" name="test_get_conversations" time="0.448" /><testcase classname="tests.test_cliqup_api.TestMessaging" name="test_create_dm" time="0.812" /><testcase classname="tests.test_cliqup_api.TestMessaging" name="test_send_message" time="0.902" /><testcase classname="tests.test_cliqup_api.TestNotifications" name="test_get_notifications" time="0.445" /><testcase classname="tests.test_cliqup_api.TestNotifications" name="test_get_unread_count" time="0.451" /></testsuite></testsuites>